Terminals unused in grammar

   '&'
   '|'
   '-'
   INTEGER_LITERAL
   CLASS
   BINARY_OPERATOR
   COMMENT
   ID
   PUBLIC
   STATIC
   VOID
   MAIN
   STRING
   EXTENDS
   RETURN
   BOOLEAN
   IF
   ELSE
   WHILE
   PRINTLN
   LENGTH
   TRUE
   FALSE
   THIS
   NEW


Grammar

    0 $accept: Program $end

    1 Program: /* empty */


Terminals, with rules where they appear

$end (0) 0
'&' (38)
'-' (45)
'|' (124)
error (256)
INTEGER_LITERAL (258)
CLASS (259)
BINARY_OPERATOR (260)
COMMENT (261)
ID (262)
PUBLIC (263)
STATIC (264)
VOID (265)
MAIN (266)
STRING (267)
EXTENDS (268)
RETURN (269)
BOOLEAN (270)
IF (271)
ELSE (272)
WHILE (273)
PRINTLN (274)
LENGTH (275)
TRUE (276)
FALSE (277)
THIS (278)
NEW (279)


Nonterminals, with rules where they appear

$accept (28)
    on left: 0
Program (29)
    on left: 1, on right: 0


State 0

    0 $accept: . Program $end

    $default  reduce using rule 1 (Program)

    Program  go to state 1


State 1

    0 $accept: Program . $end

    $end  shift, and go to state 2


State 2

    0 $accept: Program $end .

    $default  accept
