Build started 13.10.2015 13:18:07.
     1>Project "C:\Users\acerPC\Documents\GitHub\CourseCompilers-MiniJava\CourseCompilers-MiniJava\CourseCompilers-MiniJava.vcxproj" on node 2 (Rebuild target(s)).
     1>CustomBuild:
         Compiling flex
         Compiling bison
       ClCompile:
         C:\Program Files (x86)\Microsoft Visual Studio 12.0\VC\bin\CL.exe /c /ZI /nologo /W3 /WX- /sdl /Od /Oy- /D _CRT_SECURE_NO_WARNINGS /D _MBCS /Gm /EHsc /RTC1 /MDd /GS /fp:precise /Zc:wchar_t /Zc:forScope /Fo"Debug\\" /Fd"Debug\vc120.pdb" /Gd /TP /analyze- /errorReport:prompt lexer.cpp main.cpp parser.tab.cpp
         parser.tab.cpp
     1>c:\users\acerpc\documents\github\coursecompilers-minijava\coursecompilers-minijava\parser.tab.cpp(1254): warning C4065: switch statement contains 'default' but no 'case' labels
         main.cpp
         lexer.cpp
         Generating Code...
       Link:
         C:\Program Files (x86)\Microsoft Visual Studio 12.0\VC\bin\link.exe /ERRORREPORT:PROMPT /OUT:"C:\Users\acerPC\Documents\GitHub\CourseCompilers-MiniJava\Debug\CourseCompilers-MiniJava.exe" /INCREMENTAL /NOLOGO kernel32.lib user32.lib gdi32.lib winspool.lib comdlg32.lib advapi32.lib shell32.lib ole32.lib oleaut32.lib uuid.lib odbc32.lib odbccp32.lib /MANIFEST /MANIFESTUAC:"level='asInvoker' uiAccess='false'" /manifest:embed /DEBUG /PDB:"C:\Users\acerPC\Documents\GitHub\CourseCompilers-MiniJava\Debug\CourseCompilers-MiniJava.pdb" /TLBID:1 /DYNAMICBASE /NXCOMPAT /IMPLIB:"C:\Users\acerPC\Documents\GitHub\CourseCompilers-MiniJava\Debug\CourseCompilers-MiniJava.lib" /MACHINE:X86 Debug\lexer.obj
         Debug\main.obj
         Debug\parser.tab.obj
         CourseCompilers-MiniJava.vcxproj -> C:\Users\acerPC\Documents\GitHub\CourseCompilers-MiniJava\Debug\CourseCompilers-MiniJava.exe
     1>Done Building Project "C:\Users\acerPC\Documents\GitHub\CourseCompilers-MiniJava\CourseCompilers-MiniJava\CourseCompilers-MiniJava.vcxproj" (Rebuild target(s)).

Build succeeded.

Time Elapsed 00:00:01.79
