c:\users\acerpc\documents\github\coursecompilers-minijava\coursecompilers-minijava\debug\vc120.pdb
c:\users\acerpc\documents\github\coursecompilers-minijava\coursecompilers-minijava\debug\vc120.idb
c:\users\acerpc\documents\github\coursecompilers-minijava\coursecompilers-minijava\debug\main.obj
c:\users\acerpc\documents\github\coursecompilers-minijava\coursecompilers-minijava\debug\lexer.obj
c:\users\acerpc\documents\github\coursecompilers-minijava\coursecompilers-minijava\debug\parser.tab.obj
c:\users\acerpc\documents\github\coursecompilers-minijava\coursecompilers-minijava\lexer.cpp
c:\users\acerpc\documents\github\coursecompilers-minijava\coursecompilers-minijava\parser.tab.cpp
c:\users\acerpc\documents\github\coursecompilers-minijava\coursecompilers-minijava\parser.tab.hpp
c:\users\acerpc\documents\github\coursecompilers-minijava\coursecompilers-minijava\parser.output
c:\users\acerpc\documents\github\coursecompilers-minijava\debug\coursecompilers-minijava.ilk
c:\users\acerpc\documents\github\coursecompilers-minijava\debug\coursecompilers-minijava.exe
c:\users\acerpc\documents\github\coursecompilers-minijava\debug\coursecompilers-minijava.pdb
c:\users\acerpc\documents\github\coursecompilers-minijava\coursecompilers-minijava\debug\courseco.976f6e2b.tlog\cl.command.1.tlog
c:\users\acerpc\documents\github\coursecompilers-minijava\coursecompilers-minijava\debug\courseco.976f6e2b.tlog\cl.read.1.tlog
c:\users\acerpc\documents\github\coursecompilers-minijava\coursecompilers-minijava\debug\courseco.976f6e2b.tlog\cl.write.1.tlog
c:\users\acerpc\documents\github\coursecompilers-minijava\coursecompilers-minijava\debug\courseco.976f6e2b.tlog\custombuild.command.1.tlog
c:\users\acerpc\documents\github\coursecompilers-minijava\coursecompilers-minijava\debug\courseco.976f6e2b.tlog\custombuild.read.1.tlog
c:\users\acerpc\documents\github\coursecompilers-minijava\coursecompilers-minijava\debug\courseco.976f6e2b.tlog\custombuild.write.1.tlog
c:\users\acerpc\documents\github\coursecompilers-minijava\coursecompilers-minijava\debug\courseco.976f6e2b.tlog\link.command.1.tlog
c:\users\acerpc\documents\github\coursecompilers-minijava\coursecompilers-minijava\debug\courseco.976f6e2b.tlog\link.read.1.tlog
c:\users\acerpc\documents\github\coursecompilers-minijava\coursecompilers-minijava\debug\courseco.976f6e2b.tlog\link.write.1.tlog
